<?xml version="1.0" encoding="UTF-8"?>
<!-- Generated by org.testng.reporters.JUnitReportReporter -->
<testsuite skipped="0" hostname="DESKTOP-VHCMS63" name="Assertions.Soft_Assert" tests="3" failures="0" timestamp="13 Mar 2019 13:29:08 GMT" time="0.016" errors="0">
  <testcase name="soft1" time="0.016" classname="Assertions.Soft_Assert"/>
  <testcase name="soft2" time="0.000" classname="Assertions.Soft_Assert"/>
  <testcase name="soft3" time="0.000" classname="Assertions.Soft_Assert"/>
</testsuite> <!-- Assertions.Soft_Assert -->
